<?xml version="1.0" encoding="UTF-8"?>
<!-- Generated by org.testng.reporters.JUnitReportReporter -->
<testsuite hostname="DESKTOP-CIS6SJ5" failures="0" tests="1" name="com.nopCommerceV3.testCases.AddNewCustomer" time="29.749" errors="0" timestamp="2021-03-15T00:30:36 IST" skipped="0">
  <testcase classname="com.nopCommerceV3.testCases.AddNewCustomer" name="AddnewCust" time="29.749"/>
  <system-out/>
</testsuite> <!-- com.nopCommerceV3.testCases.AddNewCustomer -->
