<?xml version="1.0" encoding="UTF-8"?>
<!-- Generated by org.testng.reporters.JUnitReportReporter -->
<testsuite hostname="DESKTOP-CIS6SJ5" failures="0" tests="1" name="com.nopCommerceV3.testCases.TC_LoginTest" time="22.578" errors="0" timestamp="2021-03-13T01:40:24 IST" skipped="0">
  <testcase classname="com.nopCommerceV3.testCases.TC_LoginTest" name="loginTest" time="22.578"/>
  <system-out/>
</testsuite> <!-- com.nopCommerceV3.testCases.TC_LoginTest -->
