<?xml version="1.0" encoding="UTF-8"?>
<!-- Generated by org.testng.reporters.JUnitReportReporter -->
<testsuite skipped="0" hostname="DESKTOP-CIS6SJ5" name="com.nopCommerceV3.testCases.AddNewCustomer" tests="1" failures="0" timestamp="17 Mar 2021 20:49:03 GMT" time="37.105" errors="0">
  <testcase name="AddnewCust" time="37.105" classname="com.nopCommerceV3.testCases.AddNewCustomer"/>
</testsuite> <!-- com.nopCommerceV3.testCases.AddNewCustomer -->
